{"C:\\pos-puc\\Testes de qualidade\\jest_demo\\funcoes.js": {"path":"C:\\pos-puc\\Testes de qualidade\\jest_demo\\funcoes.js","statementMap":{"0":{"start":{"line":1,"column":14},"end":{"line":1,"column":30}},"1":{"start":{"line":3,"column":16},"end":{"line":22,"column":1}},"2":{"start":{"line":4,"column":34},"end":{"line":4,"column":41}},"3":{"start":{"line":5,"column":22},"end":{"line":5,"column":26}},"4":{"start":{"line":7,"column":8},"end":{"line":11,"column":9}},"5":{"start":{"line":8,"column":12},"end":{"line":8,"column":24}},"6":{"start":{"line":10,"column":12},"end":{"line":10,"column":25}},"7":{"start":{"line":13,"column":27},"end":{"line":13,"column":59}},"8":{"start":{"line":16,"column":29},"end":{"line":16,"column":34}},"9":{"start":{"line":18,"column":32},"end":{"line":20,"column":45}},"10":{"start":{"line":19,"column":22},"end":{"line":19,"column":35}},"11":{"start":{"line":20,"column":20},"end":{"line":20,"column":44}},"12":{"start":{"line":24,"column":0},"end":{"line":24,"column":25}}},"fnMap":{"0":{"name":"(anonymous_0)","decl":{"start":{"line":4,"column":22},"end":{"line":4,"column":23}},"loc":{"start":{"line":4,"column":34},"end":{"line":4,"column":41}},"line":4},"1":{"name":"(anonymous_1)","decl":{"start":{"line":5,"column":16},"end":{"line":5,"column":17}},"loc":{"start":{"line":5,"column":22},"end":{"line":5,"column":26}},"line":5},"2":{"name":"(anonymous_2)","decl":{"start":{"line":6,"column":18},"end":{"line":6,"column":19}},"loc":{"start":{"line":6,"column":35},"end":{"line":12,"column":5}},"line":6},"3":{"name":"(anonymous_3)","decl":{"start":{"line":13,"column":20},"end":{"line":13,"column":21}},"loc":{"start":{"line":13,"column":27},"end":{"line":13,"column":59}},"line":13},"4":{"name":"(anonymous_4)","decl":{"start":{"line":16,"column":22},"end":{"line":16,"column":23}},"loc":{"start":{"line":16,"column":29},"end":{"line":16,"column":34}},"line":16},"5":{"name":"(anonymous_5)","decl":{"start":{"line":18,"column":26},"end":{"line":18,"column":27}},"loc":{"start":{"line":18,"column":32},"end":{"line":20,"column":45}},"line":18},"6":{"name":"(anonymous_6)","decl":{"start":{"line":19,"column":10},"end":{"line":19,"column":11}},"loc":{"start":{"line":19,"column":22},"end":{"line":19,"column":35}},"line":19},"7":{"name":"(anonymous_7)","decl":{"start":{"line":20,"column":11},"end":{"line":20,"column":12}},"loc":{"start":{"line":20,"column":20},"end":{"line":20,"column":44}},"line":20}},"branchMap":{"0":{"loc":{"start":{"line":7,"column":8},"end":{"line":11,"column":9}},"type":"if","locations":[{"start":{"line":7,"column":8},"end":{"line":11,"column":9}},{"start":{"line":9,"column":15},"end":{"line":11,"column":9}}],"line":7},"1":{"loc":{"start":{"line":7,"column":12},"end":{"line":7,"column":42}},"type":"binary-expr","locations":[{"start":{"line":7,"column":12},"end":{"line":7,"column":25}},{"start":{"line":7,"column":29},"end":{"line":7,"column":42}}],"line":7}},"s":{"0":1,"1":1,"2":1,"3":1,"4":7,"5":4,"6":3,"7":12,"8":0,"9":2,"10":2,"11":0,"12":1},"f":{"0":1,"1":1,"2":7,"3":12,"4":0,"5":2,"6":2,"7":0},"b":{"0":[4,3],"1":[7,5]},"_coverageSchema":"1a1c01bbd47fc00a2c39e90264f33305004495a9","hash":"e0cdf565aab0da97728a61f84ecef61b98114572"}
}
